date: 2023-02-24
time: 23:38:55.537350
name: hello_world
arguments: (), {}
result: Hello World

date: 2023-02-24
time: 23:38:55.537350
name: summator
arguments: (2, 2), {}
result: 4

date: 2023-02-24
time: 23:38:55.538356
name: div
arguments: (6, 2), {}
result: 3.0

date: 2023-02-24
time: 23:38:55.538356
name: summator
arguments: (4.3,), {'b': 2.2}
result: 6.5

date: 2023-02-24
time: 23:38:55.538356
name: summator
arguments: (), {'a': 0, 'b': 0}
result: 0

date: 2023-02-24
time: 23:58:14.391524
name: hello_world
arguments: (), {}
result: Hello World

date: 2023-02-24
time: 23:58:14.391524
name: summator
arguments: (2, 2), {}
result: 4

date: 2023-02-24
time: 23:58:14.392524
name: div
arguments: (6, 2), {}
result: 3.0

date: 2023-02-24
time: 23:58:14.392524
name: summator
arguments: (4.3,), {'b': 2.2}
result: 6.5

date: 2023-02-24
time: 23:58:14.392524
name: hello_world
arguments: (), {}
result: Hello World

date: 2023-02-24
time: 23:58:14.392524
name: summator
arguments: (2, 2), {}
result: 4

date: 2023-02-24
time: 23:58:14.393525
name: div
arguments: (6, 2), {}
result: 3.0

date: 2023-02-24
time: 23:58:14.393525
name: summator
arguments: (4.3,), {'b': 2.2}
result: 6.5

date: 2023-02-24
time: 23:58:14.393525
name: hello_world
arguments: (), {}
result: Hello World

date: 2023-02-24
time: 23:58:14.393525
name: summator
arguments: (2, 2), {}
result: 4

date: 2023-02-24
time: 23:58:14.393525
name: div
arguments: (6, 2), {}
result: 3.0

date: 2023-02-24
time: 23:58:14.393525
name: summator
arguments: (4.3,), {'b': 2.2}
result: 6.5

date: 2023-02-25
time: 00:03:21.878978
name: hello_world
arguments: (), {}
result: Hello World

date: 2023-02-25
time: 00:03:21.879978
name: summator
arguments: (2, 2), {}
result: 4

date: 2023-02-25
time: 00:03:21.879978
name: div
arguments: (6, 2), {}
result: 3.0

date: 2023-02-25
time: 00:03:21.879978
name: summator
arguments: (4.3,), {'b': 2.2}
result: 6.5

date: 2023-02-25
time: 00:03:21.879978
name: hello_world
arguments: (), {}
result: Hello World

date: 2023-02-25
time: 00:03:21.879978
name: summator
arguments: (2, 2), {}
result: 4

date: 2023-02-25
time: 00:03:21.880993
name: div
arguments: (6, 2), {}
result: 3.0

date: 2023-02-25
time: 00:03:21.880993
name: summator
arguments: (4.3,), {'b': 2.2}
result: 6.5

date: 2023-02-25
time: 00:03:21.880993
name: hello_world
arguments: (), {}
result: Hello World

date: 2023-02-25
time: 00:03:21.881496
name: summator
arguments: (2, 2), {}
result: 4

date: 2023-02-25
time: 00:03:21.881496
name: div
arguments: (6, 2), {}
result: 3.0

date: 2023-02-25
time: 00:03:21.881496
name: summator
arguments: (4.3,), {'b': 2.2}
result: 6.5

